This file contains any messages produced by compilers while
running configure, to aid debugging if configure makes a mistake.

It was created by libstemmer configure 0.1, which was
generated by GNU Autoconf 2.69.  Invocation command line was

  $ ./configure 

## --------- ##
## Platform. ##
## --------- ##

hostname = the-key-of-evergreen
uname -m = x86_64
uname -r = 4.15.0-45-generic
uname -s = Linux
uname -v = #48-Ubuntu SMP Tue Jan 29 16:28:13 UTC 2019

/usr/bin/uname -p = unknown
/bin/uname -X     = unknown

/bin/arch              = unknown
/usr/bin/arch -k       = unknown
/usr/convex/getsysinfo = unknown
/usr/bin/hostinfo      = unknown
/bin/machine           = unknown
/usr/bin/oslevel       = unknown
/bin/universe          = unknown

PATH: /home/tempest/anaconda3/bin
PATH: /usr/local/sbin
PATH: /usr/local/bin
PATH: /usr/sbin
PATH: /usr/bin
PATH: /sbin
PATH: /bin
PATH: /usr/games
PATH: /usr/local/games
PATH: /snap/bin


## ----------- ##
## Core tests. ##
## ----------- ##

configure:2499: checking for gcc
configure:2515: found /usr/bin/gcc
configure:2526: result: gcc
configure:2755: checking for C compiler version
configure:2764: gcc --version >&5
gcc (Ubuntu 7.3.0-27ubuntu1~18.04) 7.3.0
Copyright (C) 2017 Free Software Foundation, Inc.
This is free software; see the source for copying conditions.  There is NO
warranty; not even for MERCHANTABILITY or FITNESS FOR A PARTICULAR PURPOSE.

configure:2775: $? = 0
configure:2764: gcc -v >&5
Using built-in specs.
COLLECT_GCC=gcc
COLLECT_LTO_WRAPPER=/usr/lib/gcc/x86_64-linux-gnu/7/lto-wrapper
OFFLOAD_TARGET_NAMES=nvptx-none
OFFLOAD_TARGET_DEFAULT=1
Target: x86_64-linux-gnu
Configured with: ../src/configure -v --with-pkgversion='Ubuntu 7.3.0-27ubuntu1~18.04' --with-bugurl=file:///usr/share/doc/gcc-7/README.Bugs --enable-languages=c,ada,c++,go,brig,d,fortran,objc,obj-c++ --prefix=/usr --with-gcc-major-version-only --program-suffix=-7 --program-prefix=x86_64-linux-gnu- --enable-shared --enable-linker-build-id --libexecdir=/usr/lib --without-included-gettext --enable-threads=posix --libdir=/usr/lib --enable-nls --with-sysroot=/ --enable-clocale=gnu --enable-libstdcxx-debug --enable-libstdcxx-time=yes --with-default-libstdcxx-abi=new --enable-gnu-unique-object --disable-vtable-verify --enable-libmpx --enable-plugin --enable-default-pie --with-system-zlib --with-target-system-zlib --enable-objc-gc=auto --enable-multiarch --disable-werror --with-arch-32=i686 --with-abi=m64 --with-multilib-list=m32,m64,mx32 --enable-multilib --with-tune=generic --enable-offload-targets=nvptx-none --without-cuda-driver --enable-checking=release --build=x86_64-linux-gnu --host=x86_64-linux-gnu --target=x86_64-linux-gnu
Thread model: posix
gcc version 7.3.0 (Ubuntu 7.3.0-27ubuntu1~18.04) 
configure:2775: $? = 0
configure:2764: gcc -V >&5
gcc: error: unrecognized command line option '-V'
gcc: fatal error: no input files
compilation terminated.
configure:2775: $? = 1
configure:2764: gcc -qversion >&5
gcc: error: unrecognized command line option '-qversion'; did you mean '--version'?
gcc: fatal error: no input files
compilation terminated.
configure:2775: $? = 1
configure:2795: checking whether the C compiler works
configure:2817: gcc    conftest.c  >&5
configure:2821: $? = 0
configure:2869: result: yes
configure:2872: checking for C compiler default output file name
configure:2874: result: a.out
configure:2880: checking for suffix of executables
configure:2887: gcc -o conftest    conftest.c  >&5
configure:2891: $? = 0
configure:2913: result: 
configure:2935: checking whether we are cross compiling
configure:2943: gcc -o conftest    conftest.c  >&5
configure:2947: $? = 0
configure:2954: ./conftest
configure:2958: $? = 0
configure:2973: result: no
configure:2978: checking for suffix of object files
configure:3000: gcc -c   conftest.c >&5
configure:3004: $? = 0
configure:3025: result: o
configure:3029: checking whether we are using the GNU C compiler
configure:3048: gcc -c   conftest.c >&5
configure:3048: $? = 0
configure:3057: result: yes
configure:3066: checking whether gcc accepts -g
configure:3086: gcc -c -g  conftest.c >&5
configure:3086: $? = 0
configure:3127: result: yes
configure:3144: checking for gcc option to accept ISO C89
configure:3207: gcc  -c -g -O2  conftest.c >&5
configure:3207: $? = 0
configure:3220: result: none needed
configure:3245: checking whether gcc understands -c and -o together
configure:3267: gcc -c conftest.c -o conftest2.o
configure:3270: $? = 0
configure:3267: gcc -c conftest.c -o conftest2.o
configure:3270: $? = 0
configure:3282: result: yes
configure:3349: checking for ar
configure:3365: found /usr/bin/ar
configure:3376: result: ar
configure:3402: checking the archiver (ar) interface
configure:3418: gcc -c -g -O2  conftest.c >&5
configure:3418: $? = 0
configure:3420: ar cru libconftest.a conftest.o >&5
ar: `u' modifier ignored since `D' is the default (see `U')
configure:3423: $? = 0
configure:3451: result: ar
configure:3501: checking build system type
configure:3515: result: x86_64-pc-linux-gnu
configure:3535: checking host system type
configure:3548: result: x86_64-pc-linux-gnu
configure:3589: checking how to print strings
configure:3616: result: printf
configure:3637: checking for a sed that does not truncate output
configure:3701: result: /bin/sed
configure:3719: checking for grep that handles long lines and -e
configure:3777: result: /bin/grep
configure:3782: checking for egrep
configure:3844: result: /bin/grep -E
configure:3849: checking for fgrep
configure:3911: result: /bin/grep -F
configure:3946: checking for ld used by gcc
configure:4013: result: /usr/bin/ld
configure:4020: checking if the linker (/usr/bin/ld) is GNU ld
configure:4035: result: yes
configure:4047: checking for BSD- or MS-compatible name lister (nm)
configure:4101: result: /usr/bin/nm -B
configure:4231: checking the name lister (/usr/bin/nm -B) interface
configure:4238: gcc -c -g -O2  conftest.c >&5
configure:4241: /usr/bin/nm -B "conftest.o"
configure:4244: output
0000000000000000 B some_variable
configure:4251: result: BSD nm
configure:4254: checking whether ln -s works
configure:4258: result: yes
configure:4266: checking the maximum length of command line arguments
configure:4397: result: 1572864
configure:4445: checking how to convert x86_64-pc-linux-gnu file names to x86_64-pc-linux-gnu format
configure:4485: result: func_convert_file_noop
configure:4492: checking how to convert x86_64-pc-linux-gnu file names to toolchain format
configure:4512: result: func_convert_file_noop
configure:4519: checking for /usr/bin/ld option to reload object files
configure:4526: result: -r
configure:4600: checking for objdump
configure:4616: found /usr/bin/objdump
configure:4627: result: objdump
configure:4659: checking how to recognize dependent libraries
configure:4859: result: pass_all
configure:4944: checking for dlltool
configure:4974: result: no
configure:5004: checking how to associate runtime and link libraries
configure:5031: result: printf %s\n
configure:5155: checking for archiver @FILE support
configure:5172: gcc -c -g -O2  conftest.c >&5
configure:5172: $? = 0
configure:5175: ar cru libconftest.a @conftest.lst >&5
ar: `u' modifier ignored since `D' is the default (see `U')
configure:5178: $? = 0
configure:5183: ar cru libconftest.a @conftest.lst >&5
ar: `u' modifier ignored since `D' is the default (see `U')
ar: conftest.o: No such file or directory
configure:5186: $? = 1
configure:5198: result: @
configure:5256: checking for strip
configure:5272: found /usr/bin/strip
configure:5283: result: strip
configure:5355: checking for ranlib
configure:5371: found /usr/bin/ranlib
configure:5382: result: ranlib
configure:5459: checking for gawk
configure:5475: found /usr/bin/gawk
configure:5486: result: gawk
configure:5526: checking command to parse /usr/bin/nm -B output from gcc object
configure:5679: gcc -c -g -O2  conftest.c >&5
configure:5682: $? = 0
configure:5686: /usr/bin/nm -B conftest.o \| sed -n -e 's/^.*[ ]\([ABCDGIRSTW][ABCDGIRSTW]*\)[ ][ ]*\([_A-Za-z][_A-Za-z0-9]*\)$/\1 \2 \2/p' | sed '/ __gnu_lto/d' \> conftest.nm
configure:5689: $? = 0
configure:5755: gcc -o conftest -g -O2   conftest.c conftstm.o >&5
configure:5758: $? = 0
configure:5796: result: ok
configure:5843: checking for sysroot
configure:5873: result: no
configure:5880: checking for a working dd
configure:5918: result: /bin/dd
configure:5922: checking how to truncate binary pipes
configure:5937: result: /bin/dd bs=4096 count=1
configure:6073: gcc -c -g -O2  conftest.c >&5
configure:6076: $? = 0
configure:6266: checking for mt
configure:6282: found /bin/mt
configure:6293: result: mt
configure:6316: checking if mt is a manifest tool
configure:6322: mt '-?'
configure:6330: result: no
configure:7007: checking how to run the C preprocessor
configure:7038: gcc -E  conftest.c
configure:7038: $? = 0
configure:7052: gcc -E  conftest.c
conftest.c:9:10: fatal error: ac_nonexistent.h: No such file or directory
 #include <ac_nonexistent.h>
          ^~~~~~~~~~~~~~~~~~
compilation terminated.
configure:7052: $? = 1
configure: failed program was:
| /* confdefs.h */
| #define PACKAGE_NAME "libstemmer"
| #define PACKAGE_TARNAME "libstemmer"
| #define PACKAGE_VERSION "0.1"
| #define PACKAGE_STRING "libstemmer 0.1"
| #define PACKAGE_BUGREPORT "paulus.gandung@digitalsekuriti.id"
| #define PACKAGE_URL ""
| /* end confdefs.h.  */
| #include <ac_nonexistent.h>
configure:7077: result: gcc -E
configure:7097: gcc -E  conftest.c
configure:7097: $? = 0
configure:7111: gcc -E  conftest.c
conftest.c:9:10: fatal error: ac_nonexistent.h: No such file or directory
 #include <ac_nonexistent.h>
          ^~~~~~~~~~~~~~~~~~
compilation terminated.
configure:7111: $? = 1
configure: failed program was:
| /* confdefs.h */
| #define PACKAGE_NAME "libstemmer"
| #define PACKAGE_TARNAME "libstemmer"
| #define PACKAGE_VERSION "0.1"
| #define PACKAGE_STRING "libstemmer 0.1"
| #define PACKAGE_BUGREPORT "paulus.gandung@digitalsekuriti.id"
| #define PACKAGE_URL ""
| /* end confdefs.h.  */
| #include <ac_nonexistent.h>
configure:7140: checking for ANSI C header files
configure:7160: gcc -c -g -O2  conftest.c >&5
configure:7160: $? = 0
configure:7233: gcc -o conftest -g -O2   conftest.c  >&5
configure:7233: $? = 0
configure:7233: ./conftest
configure:7233: $? = 0
configure:7244: result: yes
configure:7257: checking for sys/types.h
configure:7257: gcc -c -g -O2  conftest.c >&5
configure:7257: $? = 0
configure:7257: result: yes
configure:7257: checking for sys/stat.h
configure:7257: gcc -c -g -O2  conftest.c >&5
configure:7257: $? = 0
configure:7257: result: yes
configure:7257: checking for stdlib.h
configure:7257: gcc -c -g -O2  conftest.c >&5
configure:7257: $? = 0
configure:7257: result: yes
configure:7257: checking for string.h
configure:7257: gcc -c -g -O2  conftest.c >&5
configure:7257: $? = 0
configure:7257: result: yes
configure:7257: checking for memory.h
configure:7257: gcc -c -g -O2  conftest.c >&5
configure:7257: $? = 0
configure:7257: result: yes
configure:7257: checking for strings.h
configure:7257: gcc -c -g -O2  conftest.c >&5
configure:7257: $? = 0
configure:7257: result: yes
configure:7257: checking for inttypes.h
configure:7257: gcc -c -g -O2  conftest.c >&5
configure:7257: $? = 0
configure:7257: result: yes
configure:7257: checking for stdint.h
configure:7257: gcc -c -g -O2  conftest.c >&5
configure:7257: $? = 0
configure:7257: result: yes
configure:7257: checking for unistd.h
configure:7257: gcc -c -g -O2  conftest.c >&5
configure:7257: $? = 0
configure:7257: result: yes
configure:7271: checking for dlfcn.h
configure:7271: gcc -c -g -O2  conftest.c >&5
configure:7271: $? = 0
configure:7271: result: yes
configure:7527: checking for objdir
configure:7542: result: .libs
configure:7806: checking if gcc supports -fno-rtti -fno-exceptions
configure:7824: gcc -c -g -O2  -fno-rtti -fno-exceptions conftest.c >&5
cc1: warning: command line option '-fno-rtti' is valid for C++/ObjC++ but not for C
configure:7828: $? = 0
configure:7841: result: no
configure:8199: checking for gcc option to produce PIC
configure:8206: result: -fPIC -DPIC
configure:8214: checking if gcc PIC flag -fPIC -DPIC works
configure:8232: gcc -c -g -O2  -fPIC -DPIC -DPIC conftest.c >&5
configure:8236: $? = 0
configure:8249: result: yes
configure:8278: checking if gcc static flag -static works
configure:8306: result: yes
configure:8321: checking if gcc supports -c -o file.o
configure:8342: gcc -c -g -O2  -o out/conftest2.o conftest.c >&5
configure:8346: $? = 0
configure:8368: result: yes
configure:8376: checking if gcc supports -c -o file.o
configure:8423: result: yes
configure:8456: checking whether the gcc linker (/usr/bin/ld -m elf_x86_64) supports shared libraries
configure:9715: result: yes
configure:9752: checking whether -lc should be explicitly linked in
configure:9760: gcc -c -g -O2  conftest.c >&5
configure:9763: $? = 0
configure:9778: gcc -shared  -fPIC -DPIC conftest.o  -v -Wl,-soname -Wl,conftest -o conftest 2\>\&1 \| /bin/grep  -lc  \>/dev/null 2\>\&1
configure:9781: $? = 0
configure:9795: result: no
configure:9955: checking dynamic linker characteristics
configure:10536: gcc -o conftest -g -O2   -Wl,-rpath -Wl,/foo conftest.c  >&5
configure:10536: $? = 0
configure:10773: result: GNU/Linux ld.so
configure:10895: checking how to hardcode library paths into programs
configure:10920: result: immediate
configure:11468: checking whether stripping libraries is possible
configure:11473: result: yes
configure:11508: checking if libtool supports shared libraries
configure:11510: result: yes
configure:11513: checking whether to build shared libraries
configure:11538: result: yes
configure:11541: checking whether to build static libraries
configure:11545: result: yes
configure:11644: checking for g++
configure:11660: found /usr/bin/g++
configure:11671: result: g++
configure:11698: checking for C++ compiler version
configure:11707: g++ --version >&5
g++ (Ubuntu 7.3.0-27ubuntu1~18.04) 7.3.0
Copyright (C) 2017 Free Software Foundation, Inc.
This is free software; see the source for copying conditions.  There is NO
warranty; not even for MERCHANTABILITY or FITNESS FOR A PARTICULAR PURPOSE.

configure:11718: $? = 0
configure:11707: g++ -v >&5
Using built-in specs.
COLLECT_GCC=g++
COLLECT_LTO_WRAPPER=/usr/lib/gcc/x86_64-linux-gnu/7/lto-wrapper
OFFLOAD_TARGET_NAMES=nvptx-none
OFFLOAD_TARGET_DEFAULT=1
Target: x86_64-linux-gnu
Configured with: ../src/configure -v --with-pkgversion='Ubuntu 7.3.0-27ubuntu1~18.04' --with-bugurl=file:///usr/share/doc/gcc-7/README.Bugs --enable-languages=c,ada,c++,go,brig,d,fortran,objc,obj-c++ --prefix=/usr --with-gcc-major-version-only --program-suffix=-7 --program-prefix=x86_64-linux-gnu- --enable-shared --enable-linker-build-id --libexecdir=/usr/lib --without-included-gettext --enable-threads=posix --libdir=/usr/lib --enable-nls --with-sysroot=/ --enable-clocale=gnu --enable-libstdcxx-debug --enable-libstdcxx-time=yes --with-default-libstdcxx-abi=new --enable-gnu-unique-object --disable-vtable-verify --enable-libmpx --enable-plugin --enable-default-pie --with-system-zlib --with-target-system-zlib --enable-objc-gc=auto --enable-multiarch --disable-werror --with-arch-32=i686 --with-abi=m64 --with-multilib-list=m32,m64,mx32 --enable-multilib --with-tune=generic --enable-offload-targets=nvptx-none --without-cuda-driver --enable-checking=release --build=x86_64-linux-gnu --host=x86_64-linux-gnu --target=x86_64-linux-gnu
Thread model: posix
gcc version 7.3.0 (Ubuntu 7.3.0-27ubuntu1~18.04) 
configure:11718: $? = 0
configure:11707: g++ -V >&5
g++: error: unrecognized command line option '-V'
g++: fatal error: no input files
compilation terminated.
configure:11718: $? = 1
configure:11707: g++ -qversion >&5
g++: error: unrecognized command line option '-qversion'; did you mean '--version'?
g++: fatal error: no input files
compilation terminated.
configure:11718: $? = 1
configure:11722: checking whether we are using the GNU C++ compiler
configure:11741: g++ -c  -O2 -std=c++14 -fPIC -lpcrecpp -lgtest -pthread  conftest.cpp >&5
configure:11741: $? = 0
configure:11750: result: yes
configure:11759: checking whether g++ accepts -g
configure:11779: g++ -c -g  conftest.cpp >&5
configure:11779: $? = 0
configure:11820: result: yes
configure:11861: checking how to run the C++ preprocessor
configure:11888: g++ -E  conftest.cpp
configure:11888: $? = 0
configure:11902: g++ -E  conftest.cpp
conftest.cpp:21:10: fatal error: ac_nonexistent.h: No such file or directory
 #include <ac_nonexistent.h>
          ^~~~~~~~~~~~~~~~~~
compilation terminated.
configure:11902: $? = 1
configure: failed program was:
| /* confdefs.h */
| #define PACKAGE_NAME "libstemmer"
| #define PACKAGE_TARNAME "libstemmer"
| #define PACKAGE_VERSION "0.1"
| #define PACKAGE_STRING "libstemmer 0.1"
| #define PACKAGE_BUGREPORT "paulus.gandung@digitalsekuriti.id"
| #define PACKAGE_URL ""
| #define STDC_HEADERS 1
| #define HAVE_SYS_TYPES_H 1
| #define HAVE_SYS_STAT_H 1
| #define HAVE_STDLIB_H 1
| #define HAVE_STRING_H 1
| #define HAVE_MEMORY_H 1
| #define HAVE_STRINGS_H 1
| #define HAVE_INTTYPES_H 1
| #define HAVE_STDINT_H 1
| #define HAVE_UNISTD_H 1
| #define HAVE_DLFCN_H 1
| #define LT_OBJDIR ".libs/"
| /* end confdefs.h.  */
| #include <ac_nonexistent.h>
configure:11927: result: g++ -E
configure:11947: g++ -E  conftest.cpp
configure:11947: $? = 0
configure:11961: g++ -E  conftest.cpp
conftest.cpp:21:10: fatal error: ac_nonexistent.h: No such file or directory
 #include <ac_nonexistent.h>
          ^~~~~~~~~~~~~~~~~~
compilation terminated.
configure:11961: $? = 1
configure: failed program was:
| /* confdefs.h */
| #define PACKAGE_NAME "libstemmer"
| #define PACKAGE_TARNAME "libstemmer"
| #define PACKAGE_VERSION "0.1"
| #define PACKAGE_STRING "libstemmer 0.1"
| #define PACKAGE_BUGREPORT "paulus.gandung@digitalsekuriti.id"
| #define PACKAGE_URL ""
| #define STDC_HEADERS 1
| #define HAVE_SYS_TYPES_H 1
| #define HAVE_SYS_STAT_H 1
| #define HAVE_STDLIB_H 1
| #define HAVE_STRING_H 1
| #define HAVE_MEMORY_H 1
| #define HAVE_STRINGS_H 1
| #define HAVE_INTTYPES_H 1
| #define HAVE_STDINT_H 1
| #define HAVE_UNISTD_H 1
| #define HAVE_DLFCN_H 1
| #define LT_OBJDIR ".libs/"
| /* end confdefs.h.  */
| #include <ac_nonexistent.h>
configure:12123: checking for ld used by g++
configure:12190: result: /usr/bin/ld -m elf_x86_64
configure:12197: checking if the linker (/usr/bin/ld -m elf_x86_64) is GNU ld
configure:12212: result: yes
configure:12267: checking whether the g++ linker (/usr/bin/ld -m elf_x86_64) supports shared libraries
configure:13340: result: yes
configure:13376: g++ -c  -O2 -std=c++14 -fPIC -lpcrecpp -lgtest -pthread  conftest.cpp >&5
configure:13379: $? = 0
configure:13860: checking for g++ option to produce PIC
configure:13867: result: -fPIC -DPIC
configure:13875: checking if g++ PIC flag -fPIC -DPIC works
configure:13893: g++ -c  -O2 -std=c++14 -fPIC -lpcrecpp -lgtest -pthread  -fPIC -DPIC -DPIC conftest.cpp >&5
configure:13897: $? = 0
configure:13910: result: yes
configure:13933: checking if g++ static flag -static works
configure:13961: result: yes
configure:13973: checking if g++ supports -c -o file.o
configure:13994: g++ -c  -O2 -std=c++14 -fPIC -lpcrecpp -lgtest -pthread  -o out/conftest2.o conftest.cpp >&5
configure:13998: $? = 0
configure:14020: result: yes
configure:14025: checking if g++ supports -c -o file.o
configure:14072: result: yes
configure:14102: checking whether the g++ linker (/usr/bin/ld -m elf_x86_64) supports shared libraries
configure:14142: result: yes
configure:14283: checking dynamic linker characteristics
configure:15028: result: GNU/Linux ld.so
configure:15093: checking how to hardcode library paths into programs
configure:15118: result: immediate
configure:15165: checking stddef.h usability
configure:15165: gcc -c -g -O2  conftest.c >&5
configure:15165: $? = 0
configure:15165: result: yes
configure:15165: checking stddef.h presence
configure:15165: gcc -E  conftest.c
configure:15165: $? = 0
configure:15165: result: yes
configure:15165: checking for stddef.h
configure:15165: result: yes
configure:15192: checking for a BSD-compatible install
configure:15260: result: /usr/bin/install -c
configure:15271: checking whether build environment is sane
configure:15326: result: yes
configure:15474: checking for a thread-safe mkdir -p
configure:15513: result: /bin/mkdir -p
configure:15516: checking whether make sets $(MAKE)
configure:15538: result: yes
configure:15568: checking for style of include used by make
configure:15596: result: GNU
configure:15630: checking whether make supports nested variables
configure:15647: result: yes
configure:15732: checking dependency style of gcc
configure:15843: result: gcc3
configure:15860: checking dependency style of g++
configure:15971: result: gcc3
configure:16031: checking for size_t
configure:16031: gcc -c -g -O2  conftest.c >&5
configure:16031: $? = 0
configure:16031: gcc -c -g -O2  conftest.c >&5
conftest.c: In function 'main':
conftest.c:60:21: error: expected expression before ')' token
 if (sizeof ((size_t)))
                     ^
configure:16031: $? = 1
configure: failed program was:
| /* confdefs.h */
| #define PACKAGE_NAME "libstemmer"
| #define PACKAGE_TARNAME "libstemmer"
| #define PACKAGE_VERSION "0.1"
| #define PACKAGE_STRING "libstemmer 0.1"
| #define PACKAGE_BUGREPORT "paulus.gandung@digitalsekuriti.id"
| #define PACKAGE_URL ""
| #define STDC_HEADERS 1
| #define HAVE_SYS_TYPES_H 1
| #define HAVE_SYS_STAT_H 1
| #define HAVE_STDLIB_H 1
| #define HAVE_STRING_H 1
| #define HAVE_MEMORY_H 1
| #define HAVE_STRINGS_H 1
| #define HAVE_INTTYPES_H 1
| #define HAVE_STDINT_H 1
| #define HAVE_UNISTD_H 1
| #define HAVE_DLFCN_H 1
| #define LT_OBJDIR ".libs/"
| #define HAVE_STDDEF_H 1
| #define PACKAGE "libstemmer"
| #define VERSION "0.1"
| /* end confdefs.h.  */
| #include <stdio.h>
| #ifdef HAVE_SYS_TYPES_H
| # include <sys/types.h>
| #endif
| #ifdef HAVE_SYS_STAT_H
| # include <sys/stat.h>
| #endif
| #ifdef STDC_HEADERS
| # include <stdlib.h>
| # include <stddef.h>
| #else
| # ifdef HAVE_STDLIB_H
| #  include <stdlib.h>
| # endif
| #endif
| #ifdef HAVE_STRING_H
| # if !defined STDC_HEADERS && defined HAVE_MEMORY_H
| #  include <memory.h>
| # endif
| # include <string.h>
| #endif
| #ifdef HAVE_STRINGS_H
| # include <strings.h>
| #endif
| #ifdef HAVE_INTTYPES_H
| # include <inttypes.h>
| #endif
| #ifdef HAVE_STDINT_H
| # include <stdint.h>
| #endif
| #ifdef HAVE_UNISTD_H
| # include <unistd.h>
| #endif
| int
| main ()
| {
| if (sizeof ((size_t)))
| 	    return 0;
|   ;
|   return 0;
| }
configure:16031: result: yes
configure:16157: checking that generated files are newer than configure
configure:16163: result: done
configure:16190: creating ./config.status

## ---------------------- ##
## Running config.status. ##
## ---------------------- ##

This file was extended by libstemmer config.status 0.1, which was
generated by GNU Autoconf 2.69.  Invocation command line was

  CONFIG_FILES    = 
  CONFIG_HEADERS  = 
  CONFIG_LINKS    = 
  CONFIG_COMMANDS = 
  $ ./config.status 

on the-key-of-evergreen

config.status:1157: creating libstemmer.pc
config.status:1157: creating Makefile
config.status:1157: creating src/Makefile
config.status:1157: creating src/code/Makefile
config.status:1157: creating src/code/context/Makefile
config.status:1157: creating src/code/context/visitor/Makefile
config.status:1157: creating src/code/disambiguator/Makefile
config.status:1157: creating src/include/Makefile
config.status:1157: creating test/Makefile
config.status:1157: creating parameterized-test/Makefile
config.status:1157: creating src/include/stemmer/config.h
config.status:1338: src/include/stemmer/config.h is unchanged
config.status:1386: executing libtool commands
config.status:1386: executing depfiles commands

## ---------------- ##
## Cache variables. ##
## ---------------- ##

ac_cv_build=x86_64-pc-linux-gnu
ac_cv_c_compiler_gnu=yes
ac_cv_cxx_compiler_gnu=yes
ac_cv_env_CCC_set=
ac_cv_env_CCC_value=
ac_cv_env_CC_set=
ac_cv_env_CC_value=
ac_cv_env_CFLAGS_set=
ac_cv_env_CFLAGS_value=
ac_cv_env_CPPFLAGS_set=
ac_cv_env_CPPFLAGS_value=
ac_cv_env_CPP_set=
ac_cv_env_CPP_value=
ac_cv_env_CXXCPP_set=
ac_cv_env_CXXCPP_value=
ac_cv_env_CXXFLAGS_set=
ac_cv_env_CXXFLAGS_value=
ac_cv_env_CXX_set=
ac_cv_env_CXX_value=
ac_cv_env_LDFLAGS_set=
ac_cv_env_LDFLAGS_value=
ac_cv_env_LIBS_set=
ac_cv_env_LIBS_value=
ac_cv_env_LT_SYS_LIBRARY_PATH_set=
ac_cv_env_LT_SYS_LIBRARY_PATH_value=
ac_cv_env_build_alias_set=
ac_cv_env_build_alias_value=
ac_cv_env_host_alias_set=
ac_cv_env_host_alias_value=
ac_cv_env_target_alias_set=
ac_cv_env_target_alias_value=
ac_cv_header_dlfcn_h=yes
ac_cv_header_inttypes_h=yes
ac_cv_header_memory_h=yes
ac_cv_header_stdc=yes
ac_cv_header_stddef_h=yes
ac_cv_header_stdint_h=yes
ac_cv_header_stdlib_h=yes
ac_cv_header_string_h=yes
ac_cv_header_strings_h=yes
ac_cv_header_sys_stat_h=yes
ac_cv_header_sys_types_h=yes
ac_cv_header_unistd_h=yes
ac_cv_host=x86_64-pc-linux-gnu
ac_cv_objext=o
ac_cv_path_EGREP='/bin/grep -E'
ac_cv_path_FGREP='/bin/grep -F'
ac_cv_path_GREP=/bin/grep
ac_cv_path_SED=/bin/sed
ac_cv_path_install='/usr/bin/install -c'
ac_cv_path_lt_DD=/bin/dd
ac_cv_path_mkdir=/bin/mkdir
ac_cv_prog_AWK=gawk
ac_cv_prog_CPP='gcc -E'
ac_cv_prog_CXXCPP='g++ -E'
ac_cv_prog_ac_ct_AR=ar
ac_cv_prog_ac_ct_CC=gcc
ac_cv_prog_ac_ct_CXX=g++
ac_cv_prog_ac_ct_MANIFEST_TOOL=mt
ac_cv_prog_ac_ct_OBJDUMP=objdump
ac_cv_prog_ac_ct_RANLIB=ranlib
ac_cv_prog_ac_ct_STRIP=strip
ac_cv_prog_cc_c89=
ac_cv_prog_cc_g=yes
ac_cv_prog_cxx_g=yes
ac_cv_prog_make_make_set=yes
ac_cv_type_size_t=yes
am_cv_CC_dependencies_compiler_type=gcc3
am_cv_CXX_dependencies_compiler_type=gcc3
am_cv_ar_interface=ar
am_cv_make_support_nested_variables=yes
am_cv_prog_cc_c_o=yes
lt_cv_ar_at_file=@
lt_cv_archive_cmds_need_lc=no
lt_cv_deplibs_check_method=pass_all
lt_cv_file_magic_cmd='$MAGIC_CMD'
lt_cv_file_magic_test_file=
lt_cv_ld_reload_flag=-r
lt_cv_nm_interface='BSD nm'
lt_cv_objdir=.libs
lt_cv_path_LD=/usr/bin/ld
lt_cv_path_LDCXX='/usr/bin/ld -m elf_x86_64'
lt_cv_path_NM='/usr/bin/nm -B'
lt_cv_path_mainfest_tool=no
lt_cv_prog_compiler_c_o=yes
lt_cv_prog_compiler_c_o_CXX=yes
lt_cv_prog_compiler_pic='-fPIC -DPIC'
lt_cv_prog_compiler_pic_CXX='-fPIC -DPIC'
lt_cv_prog_compiler_pic_works=yes
lt_cv_prog_compiler_pic_works_CXX=yes
lt_cv_prog_compiler_rtti_exceptions=no
lt_cv_prog_compiler_static_works=yes
lt_cv_prog_compiler_static_works_CXX=yes
lt_cv_prog_gnu_ld=yes
lt_cv_prog_gnu_ldcxx=yes
lt_cv_sharedlib_from_linklib_cmd='printf %s\n'
lt_cv_shlibpath_overrides_runpath=yes
lt_cv_sys_global_symbol_pipe='sed -n -e '\''s/^.*[	 ]\([ABCDGIRSTW][ABCDGIRSTW]*\)[	 ][	 ]*\([_A-Za-z][_A-Za-z0-9]*\)$/\1 \2 \2/p'\'' | sed '\''/ __gnu_lto/d'\'''
lt_cv_sys_global_symbol_to_c_name_address='sed -n -e '\''s/^: \(.*\) .*$/  {"\1", (void *) 0},/p'\'' -e '\''s/^[ABCDGIRSTW][ABCDGIRSTW]* .* \(.*\)$/  {"\1", (void *) \&\1},/p'\'''
lt_cv_sys_global_symbol_to_c_name_address_lib_prefix='sed -n -e '\''s/^: \(.*\) .*$/  {"\1", (void *) 0},/p'\'' -e '\''s/^[ABCDGIRSTW][ABCDGIRSTW]* .* \(lib.*\)$/  {"\1", (void *) \&\1},/p'\'' -e '\''s/^[ABCDGIRSTW][ABCDGIRSTW]* .* \(.*\)$/  {"lib\1", (void *) \&\1},/p'\'''
lt_cv_sys_global_symbol_to_cdecl='sed -n -e '\''s/^T .* \(.*\)$/extern int \1();/p'\'' -e '\''s/^[ABCDGIRSTW][ABCDGIRSTW]* .* \(.*\)$/extern char \1;/p'\'''
lt_cv_sys_global_symbol_to_import=
lt_cv_sys_max_cmd_len=1572864
lt_cv_to_host_file_cmd=func_convert_file_noop
lt_cv_to_tool_file_cmd=func_convert_file_noop
lt_cv_truncate_bin='/bin/dd bs=4096 count=1'

## ----------------- ##
## Output variables. ##
## ----------------- ##

ACLOCAL='${SHELL} /home/tempest/kantor/libstemmer/missing aclocal-1.15'
AMDEPBACKSLASH='\'
AMDEP_FALSE='#'
AMDEP_TRUE=''
AMTAR='$${TAR-tar}'
AM_BACKSLASH='\'
AM_DEFAULT_V='$(AM_DEFAULT_VERBOSITY)'
AM_DEFAULT_VERBOSITY='1'
AM_V='$(V)'
AR='ar'
AUTOCONF='${SHELL} /home/tempest/kantor/libstemmer/missing autoconf'
AUTOHEADER='${SHELL} /home/tempest/kantor/libstemmer/missing autoheader'
AUTOMAKE='${SHELL} /home/tempest/kantor/libstemmer/missing automake-1.15'
AWK='gawk'
CC='gcc'
CCDEPMODE='depmode=gcc3'
CFLAGS='-g -O2'
CPP='gcc -E'
CPPFLAGS=''
CXX='g++'
CXXCPP='g++ -E'
CXXDEPMODE='depmode=gcc3'
CXXFLAGS=' -O2 -std=c++14 -fPIC -lpcrecpp -lgtest -pthread'
CYGPATH_W='echo'
DEFS='-DHAVE_CONFIG_H'
DEPDIR='.deps'
DLLTOOL='false'
DSYMUTIL=''
DUMPBIN=''
ECHO_C=''
ECHO_N='-n'
ECHO_T=''
EGREP='/bin/grep -E'
EXEEXT=''
FGREP='/bin/grep -F'
GREP='/bin/grep'
INSTALL_DATA='${INSTALL} -m 644'
INSTALL_PROGRAM='${INSTALL}'
INSTALL_SCRIPT='${INSTALL}'
INSTALL_STRIP_PROGRAM='$(install_sh) -c -s'
LD='/usr/bin/ld -m elf_x86_64'
LDFLAGS=''
LIBOBJS=''
LIBS=''
LIBTOOL='$(SHELL) $(top_builddir)/libtool'
LIPO=''
LN_S='ln -s'
LTLIBOBJS=''
LT_SYS_LIBRARY_PATH=''
MAKEINFO='${SHELL} /home/tempest/kantor/libstemmer/missing makeinfo'
MANIFEST_TOOL=':'
MKDIR_P='/bin/mkdir -p'
NM='/usr/bin/nm -B'
NMEDIT=''
OBJDUMP='objdump'
OBJEXT='o'
OTOOL64=''
OTOOL=''
PACKAGE='libstemmer'
PACKAGE_BUGREPORT='paulus.gandung@digitalsekuriti.id'
PACKAGE_NAME='libstemmer'
PACKAGE_STRING='libstemmer 0.1'
PACKAGE_TARNAME='libstemmer'
PACKAGE_URL=''
PACKAGE_VERSION='0.1'
PATH_SEPARATOR=':'
RANLIB='ranlib'
SED='/bin/sed'
SET_MAKE=''
SHELL='/bin/bash'
STRIP='strip'
VERSION='0.1'
ac_ct_AR='ar'
ac_ct_CC='gcc'
ac_ct_CXX='g++'
ac_ct_DUMPBIN=''
am__EXEEXT_FALSE=''
am__EXEEXT_TRUE='#'
am__fastdepCC_FALSE='#'
am__fastdepCC_TRUE=''
am__fastdepCXX_FALSE='#'
am__fastdepCXX_TRUE=''
am__include='include'
am__isrc=''
am__leading_dot='.'
am__nodep='_no'
am__quote=''
am__tar='$${TAR-tar} chof - "$$tardir"'
am__untar='$${TAR-tar} xf -'
bindir='${exec_prefix}/bin'
build='x86_64-pc-linux-gnu'
build_alias=''
build_cpu='x86_64'
build_os='linux-gnu'
build_vendor='pc'
datadir='${datarootdir}'
datarootdir='${prefix}/share'
docdir='${datarootdir}/doc/${PACKAGE_TARNAME}'
dvidir='${docdir}'
exec_prefix='${prefix}'
host='x86_64-pc-linux-gnu'
host_alias=''
host_cpu='x86_64'
host_os='linux-gnu'
host_vendor='pc'
htmldir='${docdir}'
includedir='${prefix}/include'
infodir='${datarootdir}/info'
install_sh='${SHELL} /home/tempest/kantor/libstemmer/install-sh'
libdir='${exec_prefix}/lib'
libexecdir='${exec_prefix}/libexec'
localedir='${datarootdir}/locale'
localstatedir='${prefix}/var'
mandir='${datarootdir}/man'
mkdir_p='$(MKDIR_P)'
oldincludedir='/usr/include'
pdfdir='${docdir}'
prefix='/usr/local'
program_transform_name='s,x,x,'
psdir='${docdir}'
runstatedir='${localstatedir}/run'
sbindir='${exec_prefix}/sbin'
sharedstatedir='${prefix}/com'
sysconfdir='${prefix}/etc'
target_alias=''

## ----------- ##
## confdefs.h. ##
## ----------- ##

/* confdefs.h */
#define PACKAGE_NAME "libstemmer"
#define PACKAGE_TARNAME "libstemmer"
#define PACKAGE_VERSION "0.1"
#define PACKAGE_STRING "libstemmer 0.1"
#define PACKAGE_BUGREPORT "paulus.gandung@digitalsekuriti.id"
#define PACKAGE_URL ""
#define STDC_HEADERS 1
#define HAVE_SYS_TYPES_H 1
#define HAVE_SYS_STAT_H 1
#define HAVE_STDLIB_H 1
#define HAVE_STRING_H 1
#define HAVE_MEMORY_H 1
#define HAVE_STRINGS_H 1
#define HAVE_INTTYPES_H 1
#define HAVE_STDINT_H 1
#define HAVE_UNISTD_H 1
#define HAVE_DLFCN_H 1
#define LT_OBJDIR ".libs/"
#define HAVE_STDDEF_H 1
#define PACKAGE "libstemmer"
#define VERSION "0.1"

configure: exit 0
